2022-Feb-02 16:08:12 [restartedMain] INFO  c.s.l.LufthansaTestBackendApplication              - Starting LufthansaTestBackendApplication using Java 17 on SILVESTER-LAPTOP with PID 6008 (C:\Users\Admin\Documents\GitHub\Lufthansa-Test\Backend\target\classes started by Laptop in C:\Users\Admin\Documents\GitHub\Lufthansa-Test\Backend) 
2022-Feb-02 16:08:12 [restartedMain] INFO  c.s.l.LufthansaTestBackendApplication              - No active profile set, falling back to default profiles: default 
2022-Feb-02 16:08:12 [restartedMain] INFO  o.s.b.d.e.DevToolsPropertyDefaultsPostProcessor    - Devtools property defaults active! Set 'spring.devtools.add-properties' to 'false' to disable 
2022-Feb-02 16:08:12 [restartedMain] INFO  o.s.b.d.e.DevToolsPropertyDefaultsPostProcessor    - For additional web related logging consider setting the 'logging.level.web' property to 'DEBUG' 
2022-Feb-02 16:08:12 [restartedMain] INFO  o.s.d.r.c.RepositoryConfigurationDelegate          - Bootstrapping Spring Data JPA repositories in DEFAULT mode. 
2022-Feb-02 16:08:13 [restartedMain] INFO  o.s.d.r.c.RepositoryConfigurationDelegate          - Finished Spring Data repository scanning in 51 ms. Found 3 JPA repository interfaces. 
2022-Feb-02 16:08:13 [restartedMain] INFO  o.s.b.w.e.t.TomcatWebServer                        - Tomcat initialized with port(s): 8080 (http) 
2022-Feb-02 16:08:13 [restartedMain] INFO  o.a.c.h.Http11NioProtocol                          - Initializing ProtocolHandler ["http-nio-8080"] 
2022-Feb-02 16:08:13 [restartedMain] INFO  o.a.c.c.StandardService                            - Starting service [Tomcat] 
2022-Feb-02 16:08:13 [restartedMain] INFO  o.a.c.c.StandardEngine                             - Starting Servlet engine: [Apache Tomcat/9.0.56] 
2022-Feb-02 16:08:13 [restartedMain] INFO  o.a.c.c.C.[.[.[/]                                  - Initializing Spring embedded WebApplicationContext 
2022-Feb-02 16:08:13 [restartedMain] INFO  o.s.b.w.s.c.ServletWebServerApplicationContext     - Root WebApplicationContext: initialization completed in 1374 ms 
2022-Feb-02 16:08:13 [restartedMain] INFO  o.h.j.i.u.LogHelper                                - HHH000204: Processing PersistenceUnitInfo [name: default] 
2022-Feb-02 16:08:13 [restartedMain] INFO  o.h.Version                                        - HHH000412: Hibernate ORM core version 5.6.4.Final 
2022-Feb-02 16:08:13 [restartedMain] INFO  o.h.a.c.Version                                    - HCANN000001: Hibernate Commons Annotations {5.1.2.Final} 
2022-Feb-02 16:08:14 [restartedMain] INFO  c.z.h.HikariDataSource                             - HikariPool-1 - Starting... 
2022-Feb-02 16:08:14 [restartedMain] INFO  c.z.h.HikariDataSource                             - HikariPool-1 - Start completed. 
2022-Feb-02 16:08:14 [restartedMain] INFO  o.h.d.Dialect                                      - HHH000400: Using dialect: org.hibernate.dialect.MySQL5Dialect 
2022-Feb-02 16:08:14 [restartedMain] INFO  o.h.e.t.j.p.i.JtaPlatformInitiator                 - HHH000490: Using JtaPlatform implementation: [org.hibernate.engine.transaction.jta.platform.internal.NoJtaPlatform] 
2022-Feb-02 16:08:14 [restartedMain] INFO  o.s.o.j.LocalContainerEntityManagerFactoryBean     - Initialized JPA EntityManagerFactory for persistence unit 'default' 
2022-Feb-02 16:08:15 [restartedMain] WARN  o.s.b.a.o.j.JpaBaseConfiguration$JpaWebConfiguration - spring.jpa.open-in-view is enabled by default. Therefore, database queries may be performed during view rendering. Explicitly configure spring.jpa.open-in-view to disable this warning 
2022-Feb-02 16:08:15 [restartedMain] INFO  o.s.s.w.DefaultSecurityFilterChain                 - Will secure any request with [org.springframework.security.web.context.request.async.WebAsyncManagerIntegrationFilter@1548d470, org.springframework.security.web.context.SecurityContextPersistenceFilter@4f021fe5, org.springframework.security.web.header.HeaderWriterFilter@75d0ae81, org.springframework.web.filter.CorsFilter@e99c15d, org.springframework.security.web.authentication.logout.LogoutFilter@ba74c2f, com.silvesterhasani.lufthansatestbackend.services.JwtRequestFilter@58c93738, org.springframework.security.web.savedrequest.RequestCacheAwareFilter@257dcd65, org.springframework.security.web.servletapi.SecurityContextHolderAwareRequestFilter@46c08163, org.springframework.security.web.authentication.AnonymousAuthenticationFilter@2ba94c65, org.springframework.security.web.session.SessionManagementFilter@b4f923f, org.springframework.security.web.access.ExceptionTranslationFilter@7be85bb6, org.springframework.security.web.access.intercept.FilterSecurityInterceptor@7f7b4f02] 
2022-Feb-02 16:08:15 [restartedMain] INFO  o.s.b.d.a.OptionalLiveReloadServer                 - LiveReload server is running on port 35729 
2022-Feb-02 16:08:15 [restartedMain] INFO  o.a.c.h.Http11NioProtocol                          - Starting ProtocolHandler ["http-nio-8080"] 
2022-Feb-02 16:08:15 [restartedMain] INFO  o.s.b.w.e.t.TomcatWebServer                        - Tomcat started on port(s): 8080 (http) with context path '' 
2022-Feb-02 16:08:15 [restartedMain] INFO  c.s.l.LufthansaTestBackendApplication              - Started LufthansaTestBackendApplication in 3.698 seconds (JVM running for 5.016) 
2022-Feb-02 16:17:46 [SpringApplicationShutdownHook] INFO  o.s.o.j.LocalContainerEntityManagerFactoryBean     - Closing JPA EntityManagerFactory for persistence unit 'default' 
2022-Feb-02 16:17:46 [SpringApplicationShutdownHook] INFO  c.z.h.HikariDataSource                             - HikariPool-1 - Shutdown initiated... 
2022-Feb-02 16:17:46 [SpringApplicationShutdownHook] INFO  c.z.h.HikariDataSource                             - HikariPool-1 - Shutdown completed. 
2022-Feb-02 16:17:51 [restartedMain] INFO  c.s.l.LufthansaTestBackendApplication              - Starting LufthansaTestBackendApplication using Java 17 on SILVESTER-LAPTOP with PID 10580 (C:\Users\Admin\Documents\GitHub\Lufthansa-Test\Backend\target\classes started by Laptop in C:\Users\Admin\Documents\GitHub\Lufthansa-Test\Backend) 
2022-Feb-02 16:17:51 [restartedMain] INFO  c.s.l.LufthansaTestBackendApplication              - No active profile set, falling back to default profiles: default 
2022-Feb-02 16:17:51 [restartedMain] INFO  o.s.b.d.e.DevToolsPropertyDefaultsPostProcessor    - Devtools property defaults active! Set 'spring.devtools.add-properties' to 'false' to disable 
2022-Feb-02 16:17:51 [restartedMain] INFO  o.s.b.d.e.DevToolsPropertyDefaultsPostProcessor    - For additional web related logging consider setting the 'logging.level.web' property to 'DEBUG' 
2022-Feb-02 16:17:52 [restartedMain] INFO  o.s.d.r.c.RepositoryConfigurationDelegate          - Bootstrapping Spring Data JPA repositories in DEFAULT mode. 
2022-Feb-02 16:17:52 [restartedMain] INFO  o.s.d.r.c.RepositoryConfigurationDelegate          - Finished Spring Data repository scanning in 52 ms. Found 3 JPA repository interfaces. 
2022-Feb-02 16:17:52 [restartedMain] INFO  o.s.b.w.e.t.TomcatWebServer                        - Tomcat initialized with port(s): 8080 (http) 
2022-Feb-02 16:17:52 [restartedMain] INFO  o.a.c.h.Http11NioProtocol                          - Initializing ProtocolHandler ["http-nio-8080"] 
2022-Feb-02 16:17:52 [restartedMain] INFO  o.a.c.c.StandardService                            - Starting service [Tomcat] 
2022-Feb-02 16:17:52 [restartedMain] INFO  o.a.c.c.StandardEngine                             - Starting Servlet engine: [Apache Tomcat/9.0.56] 
2022-Feb-02 16:17:52 [restartedMain] INFO  o.a.c.c.C.[.[.[/]                                  - Initializing Spring embedded WebApplicationContext 
2022-Feb-02 16:17:52 [restartedMain] INFO  o.s.b.w.s.c.ServletWebServerApplicationContext     - Root WebApplicationContext: initialization completed in 1317 ms 
2022-Feb-02 16:17:52 [restartedMain] INFO  o.h.j.i.u.LogHelper                                - HHH000204: Processing PersistenceUnitInfo [name: default] 
2022-Feb-02 16:17:52 [restartedMain] INFO  o.h.Version                                        - HHH000412: Hibernate ORM core version 5.6.4.Final 
2022-Feb-02 16:17:53 [restartedMain] INFO  o.h.a.c.Version                                    - HCANN000001: Hibernate Commons Annotations {5.1.2.Final} 
2022-Feb-02 16:17:53 [restartedMain] INFO  c.z.h.HikariDataSource                             - HikariPool-1 - Starting... 
2022-Feb-02 16:17:53 [restartedMain] INFO  c.z.h.HikariDataSource                             - HikariPool-1 - Start completed. 
2022-Feb-02 16:17:53 [restartedMain] INFO  o.h.d.Dialect                                      - HHH000400: Using dialect: org.hibernate.dialect.MySQL5Dialect 
2022-Feb-02 16:17:53 [restartedMain] INFO  o.h.e.t.j.p.i.JtaPlatformInitiator                 - HHH000490: Using JtaPlatform implementation: [org.hibernate.engine.transaction.jta.platform.internal.NoJtaPlatform] 
2022-Feb-02 16:17:53 [restartedMain] INFO  o.s.o.j.LocalContainerEntityManagerFactoryBean     - Initialized JPA EntityManagerFactory for persistence unit 'default' 
2022-Feb-02 16:17:54 [restartedMain] WARN  o.s.b.a.o.j.JpaBaseConfiguration$JpaWebConfiguration - spring.jpa.open-in-view is enabled by default. Therefore, database queries may be performed during view rendering. Explicitly configure spring.jpa.open-in-view to disable this warning 
2022-Feb-02 16:17:54 [restartedMain] INFO  o.s.s.w.DefaultSecurityFilterChain                 - Will secure any request with [org.springframework.security.web.context.request.async.WebAsyncManagerIntegrationFilter@366c5810, org.springframework.security.web.context.SecurityContextPersistenceFilter@58586f2e, org.springframework.security.web.header.HeaderWriterFilter@5630dc2, org.springframework.web.filter.CorsFilter@323db687, org.springframework.security.web.authentication.logout.LogoutFilter@3108e3b3, com.silvesterhasani.lufthansatestbackend.services.JwtRequestFilter@2a03aada, org.springframework.security.web.savedrequest.RequestCacheAwareFilter@7fb264e6, org.springframework.security.web.servletapi.SecurityContextHolderAwareRequestFilter@312e12c0, org.springframework.security.web.authentication.AnonymousAuthenticationFilter@29465bb1, org.springframework.security.web.session.SessionManagementFilter@58666209, org.springframework.security.web.access.ExceptionTranslationFilter@7d7342, org.springframework.security.web.access.intercept.FilterSecurityInterceptor@773e3dc0] 
2022-Feb-02 16:17:54 [restartedMain] INFO  o.s.b.d.a.OptionalLiveReloadServer                 - LiveReload server is running on port 35729 
2022-Feb-02 16:17:54 [restartedMain] INFO  o.a.c.h.Http11NioProtocol                          - Starting ProtocolHandler ["http-nio-8080"] 
2022-Feb-02 16:17:54 [restartedMain] INFO  o.s.b.w.e.t.TomcatWebServer                        - Tomcat started on port(s): 8080 (http) with context path '' 
2022-Feb-02 16:17:54 [restartedMain] INFO  c.s.l.LufthansaTestBackendApplication              - Started LufthansaTestBackendApplication in 3.603 seconds (JVM running for 4.582) 
2022-Feb-02 16:18:03 [http-nio-8080-exec-1] INFO  o.a.c.c.C.[.[.[/]                                  - Initializing Spring DispatcherServlet 'dispatcherServlet' 
2022-Feb-02 16:18:03 [http-nio-8080-exec-1] INFO  o.s.w.s.DispatcherServlet                          - Initializing Servlet 'dispatcherServlet' 
2022-Feb-02 16:18:03 [http-nio-8080-exec-1] INFO  o.s.w.s.DispatcherServlet                          - Completed initialization in 0 ms 
2022-Feb-02 16:18:03 [http-nio-8080-exec-2] INFO  c.s.l.c.LoginController                            - User logged in testa 
2022-Feb-02 16:22:41 [SpringApplicationShutdownHook] INFO  o.s.o.j.LocalContainerEntityManagerFactoryBean     - Closing JPA EntityManagerFactory for persistence unit 'default' 
2022-Feb-02 16:22:41 [SpringApplicationShutdownHook] INFO  c.z.h.HikariDataSource                             - HikariPool-1 - Shutdown initiated... 
2022-Feb-02 16:22:41 [SpringApplicationShutdownHook] INFO  c.z.h.HikariDataSource                             - HikariPool-1 - Shutdown completed. 
2022-Feb-02 16:22:46 [restartedMain] INFO  c.s.l.LufthansaTestBackendApplication              - Starting LufthansaTestBackendApplication using Java 17 on SILVESTER-LAPTOP with PID 10616 (C:\Users\Admin\Documents\GitHub\Lufthansa-Test\Backend\target\classes started by Laptop in C:\Users\Admin\Documents\GitHub\Lufthansa-Test\Backend) 
2022-Feb-02 16:22:46 [restartedMain] INFO  c.s.l.LufthansaTestBackendApplication              - No active profile set, falling back to default profiles: default 
2022-Feb-02 16:22:47 [restartedMain] INFO  o.s.b.d.e.DevToolsPropertyDefaultsPostProcessor    - Devtools property defaults active! Set 'spring.devtools.add-properties' to 'false' to disable 
2022-Feb-02 16:22:47 [restartedMain] INFO  o.s.b.d.e.DevToolsPropertyDefaultsPostProcessor    - For additional web related logging consider setting the 'logging.level.web' property to 'DEBUG' 
2022-Feb-02 16:22:47 [restartedMain] INFO  o.s.d.r.c.RepositoryConfigurationDelegate          - Bootstrapping Spring Data JPA repositories in DEFAULT mode. 
2022-Feb-02 16:22:47 [restartedMain] INFO  o.s.d.r.c.RepositoryConfigurationDelegate          - Finished Spring Data repository scanning in 50 ms. Found 3 JPA repository interfaces. 
2022-Feb-02 16:22:48 [restartedMain] INFO  o.s.b.w.e.t.TomcatWebServer                        - Tomcat initialized with port(s): 8080 (http) 
2022-Feb-02 16:22:48 [restartedMain] INFO  o.a.c.h.Http11NioProtocol                          - Initializing ProtocolHandler ["http-nio-8080"] 
2022-Feb-02 16:22:48 [restartedMain] INFO  o.a.c.c.StandardService                            - Starting service [Tomcat] 
2022-Feb-02 16:22:48 [restartedMain] INFO  o.a.c.c.StandardEngine                             - Starting Servlet engine: [Apache Tomcat/9.0.56] 
2022-Feb-02 16:22:48 [restartedMain] INFO  o.a.c.c.C.[.[.[/]                                  - Initializing Spring embedded WebApplicationContext 
2022-Feb-02 16:22:48 [restartedMain] INFO  o.s.b.w.s.c.ServletWebServerApplicationContext     - Root WebApplicationContext: initialization completed in 1318 ms 
2022-Feb-02 16:22:48 [restartedMain] INFO  o.h.j.i.u.LogHelper                                - HHH000204: Processing PersistenceUnitInfo [name: default] 
2022-Feb-02 16:22:48 [restartedMain] INFO  o.h.Version                                        - HHH000412: Hibernate ORM core version 5.6.4.Final 
2022-Feb-02 16:22:48 [restartedMain] INFO  o.h.a.c.Version                                    - HCANN000001: Hibernate Commons Annotations {5.1.2.Final} 
2022-Feb-02 16:22:48 [restartedMain] INFO  c.z.h.HikariDataSource                             - HikariPool-1 - Starting... 
2022-Feb-02 16:22:48 [restartedMain] INFO  c.z.h.HikariDataSource                             - HikariPool-1 - Start completed. 
2022-Feb-02 16:22:48 [restartedMain] INFO  o.h.d.Dialect                                      - HHH000400: Using dialect: org.hibernate.dialect.MySQL5Dialect 
2022-Feb-02 16:22:49 [restartedMain] INFO  o.h.e.t.j.p.i.JtaPlatformInitiator                 - HHH000490: Using JtaPlatform implementation: [org.hibernate.engine.transaction.jta.platform.internal.NoJtaPlatform] 
2022-Feb-02 16:22:49 [restartedMain] INFO  o.s.o.j.LocalContainerEntityManagerFactoryBean     - Initialized JPA EntityManagerFactory for persistence unit 'default' 
2022-Feb-02 16:22:49 [restartedMain] WARN  o.s.b.a.o.j.JpaBaseConfiguration$JpaWebConfiguration - spring.jpa.open-in-view is enabled by default. Therefore, database queries may be performed during view rendering. Explicitly configure spring.jpa.open-in-view to disable this warning 
2022-Feb-02 16:22:49 [restartedMain] INFO  o.s.s.w.DefaultSecurityFilterChain                 - Will secure any request with [org.springframework.security.web.context.request.async.WebAsyncManagerIntegrationFilter@366c5810, org.springframework.security.web.context.SecurityContextPersistenceFilter@58586f2e, org.springframework.security.web.header.HeaderWriterFilter@5630dc2, org.springframework.web.filter.CorsFilter@323db687, org.springframework.security.web.authentication.logout.LogoutFilter@3108e3b3, com.silvesterhasani.lufthansatestbackend.services.JwtRequestFilter@2a03aada, org.springframework.security.web.savedrequest.RequestCacheAwareFilter@7fb264e6, org.springframework.security.web.servletapi.SecurityContextHolderAwareRequestFilter@312e12c0, org.springframework.security.web.authentication.AnonymousAuthenticationFilter@29465bb1, org.springframework.security.web.session.SessionManagementFilter@58666209, org.springframework.security.web.access.ExceptionTranslationFilter@7d7342, org.springframework.security.web.access.intercept.FilterSecurityInterceptor@6eb68b6a] 
2022-Feb-02 16:22:50 [restartedMain] INFO  o.s.b.d.a.OptionalLiveReloadServer                 - LiveReload server is running on port 35729 
2022-Feb-02 16:22:50 [restartedMain] INFO  o.a.c.h.Http11NioProtocol                          - Starting ProtocolHandler ["http-nio-8080"] 
2022-Feb-02 16:22:50 [restartedMain] INFO  o.s.b.w.e.t.TomcatWebServer                        - Tomcat started on port(s): 8080 (http) with context path '' 
2022-Feb-02 16:22:50 [restartedMain] INFO  c.s.l.LufthansaTestBackendApplication              - Started LufthansaTestBackendApplication in 3.548 seconds (JVM running for 4.515) 
2022-Feb-02 16:47:04 [http-nio-8080-exec-2] INFO  o.a.c.c.C.[.[.[/]                                  - Initializing Spring DispatcherServlet 'dispatcherServlet' 
2022-Feb-02 16:47:04 [http-nio-8080-exec-2] INFO  o.s.w.s.DispatcherServlet                          - Initializing Servlet 'dispatcherServlet' 
2022-Feb-02 16:47:04 [http-nio-8080-exec-2] INFO  o.s.w.s.DispatcherServlet                          - Completed initialization in 1 ms 
2022-Feb-02 16:51:26 [SpringApplicationShutdownHook] INFO  o.s.o.j.LocalContainerEntityManagerFactoryBean     - Closing JPA EntityManagerFactory for persistence unit 'default' 
2022-Feb-02 16:51:26 [SpringApplicationShutdownHook] INFO  c.z.h.HikariDataSource                             - HikariPool-1 - Shutdown initiated... 
2022-Feb-02 16:51:26 [SpringApplicationShutdownHook] INFO  c.z.h.HikariDataSource                             - HikariPool-1 - Shutdown completed. 
2022-Feb-02 16:51:43 [restartedMain] INFO  c.s.l.LufthansaTestBackendApplication              - Starting LufthansaTestBackendApplication using Java 17 on SILVESTER-LAPTOP with PID 11488 (C:\Users\Admin\Documents\GitHub\Lufthansa-Test\Backend\target\classes started by Laptop in C:\Users\Admin\Documents\GitHub\Lufthansa-Test\Backend) 
2022-Feb-02 16:51:43 [restartedMain] INFO  c.s.l.LufthansaTestBackendApplication              - No active profile set, falling back to default profiles: default 
2022-Feb-02 16:51:43 [restartedMain] INFO  o.s.b.d.e.DevToolsPropertyDefaultsPostProcessor    - Devtools property defaults active! Set 'spring.devtools.add-properties' to 'false' to disable 
2022-Feb-02 16:51:43 [restartedMain] INFO  o.s.b.d.e.DevToolsPropertyDefaultsPostProcessor    - For additional web related logging consider setting the 'logging.level.web' property to 'DEBUG' 
2022-Feb-02 16:51:44 [restartedMain] INFO  o.s.d.r.c.RepositoryConfigurationDelegate          - Bootstrapping Spring Data JPA repositories in DEFAULT mode. 
2022-Feb-02 16:51:44 [restartedMain] INFO  o.s.d.r.c.RepositoryConfigurationDelegate          - Finished Spring Data repository scanning in 43 ms. Found 3 JPA repository interfaces. 
2022-Feb-02 16:51:44 [restartedMain] INFO  o.s.b.w.e.t.TomcatWebServer                        - Tomcat initialized with port(s): 8080 (http) 
2022-Feb-02 16:51:44 [restartedMain] INFO  o.a.c.h.Http11NioProtocol                          - Initializing ProtocolHandler ["http-nio-8080"] 
2022-Feb-02 16:51:44 [restartedMain] INFO  o.a.c.c.StandardService                            - Starting service [Tomcat] 
2022-Feb-02 16:51:44 [restartedMain] INFO  o.a.c.c.StandardEngine                             - Starting Servlet engine: [Apache Tomcat/9.0.56] 
2022-Feb-02 16:51:44 [restartedMain] INFO  o.a.c.c.C.[.[.[/]                                  - Initializing Spring embedded WebApplicationContext 
2022-Feb-02 16:51:44 [restartedMain] INFO  o.s.b.w.s.c.ServletWebServerApplicationContext     - Root WebApplicationContext: initialization completed in 1131 ms 
2022-Feb-02 16:51:44 [restartedMain] INFO  o.h.j.i.u.LogHelper                                - HHH000204: Processing PersistenceUnitInfo [name: default] 
2022-Feb-02 16:51:44 [restartedMain] INFO  o.h.Version                                        - HHH000412: Hibernate ORM core version 5.6.4.Final 
2022-Feb-02 16:51:44 [restartedMain] INFO  o.h.a.c.Version                                    - HCANN000001: Hibernate Commons Annotations {5.1.2.Final} 
2022-Feb-02 16:51:44 [restartedMain] INFO  c.z.h.HikariDataSource                             - HikariPool-1 - Starting... 
2022-Feb-02 16:51:45 [restartedMain] INFO  c.z.h.HikariDataSource                             - HikariPool-1 - Start completed. 
2022-Feb-02 16:51:45 [restartedMain] INFO  o.h.d.Dialect                                      - HHH000400: Using dialect: org.hibernate.dialect.MySQL5Dialect 
2022-Feb-02 16:51:45 [restartedMain] INFO  o.h.e.t.j.p.i.JtaPlatformInitiator                 - HHH000490: Using JtaPlatform implementation: [org.hibernate.engine.transaction.jta.platform.internal.NoJtaPlatform] 
2022-Feb-02 16:51:45 [restartedMain] INFO  o.s.o.j.LocalContainerEntityManagerFactoryBean     - Initialized JPA EntityManagerFactory for persistence unit 'default' 
2022-Feb-02 16:51:45 [restartedMain] WARN  o.s.b.a.o.j.JpaBaseConfiguration$JpaWebConfiguration - spring.jpa.open-in-view is enabled by default. Therefore, database queries may be performed during view rendering. Explicitly configure spring.jpa.open-in-view to disable this warning 
2022-Feb-02 16:51:46 [restartedMain] INFO  o.s.s.w.DefaultSecurityFilterChain                 - Will secure any request with [org.springframework.security.web.context.request.async.WebAsyncManagerIntegrationFilter@3082c484, org.springframework.security.web.context.SecurityContextPersistenceFilter@119eee36, org.springframework.security.web.header.HeaderWriterFilter@5a175107, org.springframework.web.filter.CorsFilter@6a50a4d5, org.springframework.security.web.authentication.logout.LogoutFilter@4cfd1a9, com.silvesterhasani.lufthansatestbackend.services.JwtRequestFilter@1337bd66, org.springframework.security.web.savedrequest.RequestCacheAwareFilter@3e130541, org.springframework.security.web.servletapi.SecurityContextHolderAwareRequestFilter@7e85a845, org.springframework.security.web.authentication.AnonymousAuthenticationFilter@32873402, org.springframework.security.web.session.SessionManagementFilter@8a4f4e, org.springframework.security.web.access.ExceptionTranslationFilter@3f1f9336, org.springframework.security.web.access.intercept.FilterSecurityInterceptor@3b6f6076] 
2022-Feb-02 16:51:46 [restartedMain] INFO  o.s.b.d.a.OptionalLiveReloadServer                 - LiveReload server is running on port 35729 
2022-Feb-02 16:51:46 [restartedMain] INFO  o.a.c.h.Http11NioProtocol                          - Starting ProtocolHandler ["http-nio-8080"] 
2022-Feb-02 16:51:46 [restartedMain] INFO  o.s.b.w.e.t.TomcatWebServer                        - Tomcat started on port(s): 8080 (http) with context path '' 
2022-Feb-02 16:51:46 [restartedMain] INFO  c.s.l.LufthansaTestBackendApplication              - Started LufthansaTestBackendApplication in 3.134 seconds (JVM running for 4.055) 
2022-Feb-02 16:52:20 [main] INFO  o.s.b.t.c.SpringBootTestContextBootstrapper        - Neither @ContextConfiguration nor @ContextHierarchy found for test class [com.silvesterhasani.lufthansatestbackend.LufthansaTestBackendApplicationTests], using SpringBootContextLoader 
2022-Feb-02 16:52:20 [main] INFO  o.s.t.c.s.AbstractContextLoader                    - Could not detect default resource locations for test class [com.silvesterhasani.lufthansatestbackend.LufthansaTestBackendApplicationTests]: no resource found for suffixes {-context.xml, Context.groovy}. 
2022-Feb-02 16:52:20 [main] INFO  o.s.t.c.s.AnnotationConfigContextLoaderUtils       - Could not detect default configuration classes for test class [com.silvesterhasani.lufthansatestbackend.LufthansaTestBackendApplicationTests]: LufthansaTestBackendApplicationTests does not declare any static, non-private, non-final, nested classes annotated with @Configuration. 
2022-Feb-02 16:52:20 [main] INFO  o.s.b.t.c.SpringBootTestContextBootstrapper        - Found @SpringBootConfiguration com.silvesterhasani.lufthansatestbackend.LufthansaTestBackendApplication for test class com.silvesterhasani.lufthansatestbackend.LufthansaTestBackendApplicationTests 
2022-Feb-02 16:52:20 [main] INFO  o.s.b.t.c.SpringBootTestContextBootstrapper        - Loaded default TestExecutionListener class names from location [META-INF/spring.factories]: [org.springframework.boot.test.mock.mockito.MockitoTestExecutionListener, org.springframework.boot.test.mock.mockito.ResetMocksTestExecutionListener, org.springframework.boot.test.autoconfigure.restdocs.RestDocsTestExecutionListener, org.springframework.boot.test.autoconfigure.web.client.MockRestServiceServerResetTestExecutionListener, org.springframework.boot.test.autoconfigure.web.servlet.MockMvcPrintOnlyOnFailureTestExecutionListener, org.springframework.boot.test.autoconfigure.web.servlet.WebDriverTestExecutionListener, org.springframework.boot.test.autoconfigure.webservices.client.MockWebServiceServerTestExecutionListener, org.springframework.test.context.web.ServletTestExecutionListener, org.springframework.test.context.support.DirtiesContextBeforeModesTestExecutionListener, org.springframework.test.context.event.ApplicationEventsTestExecutionListener, org.springframework.test.context.support.DependencyInjectionTestExecutionListener, org.springframework.test.context.support.DirtiesContextTestExecutionListener, org.springframework.test.context.transaction.TransactionalTestExecutionListener, org.springframework.test.context.jdbc.SqlScriptsTestExecutionListener, org.springframework.test.context.event.EventPublishingTestExecutionListener] 
2022-Feb-02 16:52:20 [main] INFO  o.s.b.t.c.SpringBootTestContextBootstrapper        - Using TestExecutionListeners: [org.springframework.test.context.web.ServletTestExecutionListener@76f7d241, org.springframework.test.context.support.DirtiesContextBeforeModesTestExecutionListener@4a335fa8, org.springframework.test.context.event.ApplicationEventsTestExecutionListener@3f363cf5, org.springframework.boot.test.mock.mockito.MockitoTestExecutionListener@3829ac1, org.springframework.boot.test.autoconfigure.SpringBootDependencyInjectionTestExecutionListener@4baf352a, org.springframework.test.context.support.DirtiesContextTestExecutionListener@1bb1fde8, org.springframework.test.context.transaction.TransactionalTestExecutionListener@15eebbff, org.springframework.test.context.jdbc.SqlScriptsTestExecutionListener@22d6f11, org.springframework.test.context.event.EventPublishingTestExecutionListener@30990c1b, org.springframework.boot.test.mock.mockito.ResetMocksTestExecutionListener@2453f95d, org.springframework.boot.test.autoconfigure.restdocs.RestDocsTestExecutionListener@44828f6b, org.springframework.boot.test.autoconfigure.web.client.MockRestServiceServerResetTestExecutionListener@2dbe250d, org.springframework.boot.test.autoconfigure.web.servlet.MockMvcPrintOnlyOnFailureTestExecutionListener@553f1d75, org.springframework.boot.test.autoconfigure.web.servlet.WebDriverTestExecutionListener@6e1d8f9e, org.springframework.boot.test.autoconfigure.webservices.client.MockWebServiceServerTestExecutionListener@3e34ace1] 
2022-Feb-02 16:52:20 [main] INFO  c.s.l.LufthansaTestBackendApplicationTests         - Starting LufthansaTestBackendApplicationTests using Java 17 on SILVESTER-LAPTOP with PID 9548 (started by Laptop in C:\Users\Admin\Documents\GitHub\Lufthansa-Test\Backend) 
2022-Feb-02 16:52:20 [main] INFO  c.s.l.LufthansaTestBackendApplicationTests         - No active profile set, falling back to default profiles: default 
2022-Feb-02 16:52:21 [main] INFO  o.s.d.r.c.RepositoryConfigurationDelegate          - Bootstrapping Spring Data JPA repositories in DEFAULT mode. 
2022-Feb-02 16:52:21 [main] INFO  o.s.d.r.c.RepositoryConfigurationDelegate          - Finished Spring Data repository scanning in 58 ms. Found 3 JPA repository interfaces. 
2022-Feb-02 16:52:23 [main] INFO  o.h.j.i.u.LogHelper                                - HHH000204: Processing PersistenceUnitInfo [name: default] 
2022-Feb-02 16:52:23 [main] INFO  o.h.Version                                        - HHH000412: Hibernate ORM core version 5.6.4.Final 
2022-Feb-02 16:52:23 [main] INFO  o.h.a.c.Version                                    - HCANN000001: Hibernate Commons Annotations {5.1.2.Final} 
2022-Feb-02 16:52:23 [main] INFO  c.z.h.HikariDataSource                             - HikariPool-1 - Starting... 
2022-Feb-02 16:52:23 [main] INFO  c.z.h.HikariDataSource                             - HikariPool-1 - Start completed. 
2022-Feb-02 16:52:23 [main] INFO  o.h.d.Dialect                                      - HHH000400: Using dialect: org.hibernate.dialect.MySQL5Dialect 
2022-Feb-02 16:52:24 [main] INFO  o.h.e.t.j.p.i.JtaPlatformInitiator                 - HHH000490: Using JtaPlatform implementation: [org.hibernate.engine.transaction.jta.platform.internal.NoJtaPlatform] 
2022-Feb-02 16:52:24 [main] INFO  o.s.o.j.LocalContainerEntityManagerFactoryBean     - Initialized JPA EntityManagerFactory for persistence unit 'default' 
2022-Feb-02 16:52:24 [main] WARN  o.s.b.a.o.j.JpaBaseConfiguration$JpaWebConfiguration - spring.jpa.open-in-view is enabled by default. Therefore, database queries may be performed during view rendering. Explicitly configure spring.jpa.open-in-view to disable this warning 
2022-Feb-02 16:52:25 [main] INFO  o.s.s.w.DefaultSecurityFilterChain                 - Will secure any request with [org.springframework.security.web.context.request.async.WebAsyncManagerIntegrationFilter@23dda7a3, org.springframework.security.web.context.SecurityContextPersistenceFilter@7d60bd5a, org.springframework.security.web.header.HeaderWriterFilter@5eb9bf7d, org.springframework.web.filter.CorsFilter@2d399e88, org.springframework.security.web.authentication.logout.LogoutFilter@5a45c218, com.silvesterhasani.lufthansatestbackend.services.JwtRequestFilter@488279d3, org.springframework.security.web.savedrequest.RequestCacheAwareFilter@655f92a1, org.springframework.security.web.servletapi.SecurityContextHolderAwareRequestFilter@37ab1b10, org.springframework.security.web.authentication.AnonymousAuthenticationFilter@18139a43, org.springframework.security.web.session.SessionManagementFilter@1be12e05, org.springframework.security.web.access.ExceptionTranslationFilter@299dd381, org.springframework.security.web.access.intercept.FilterSecurityInterceptor@270be080] 
2022-Feb-02 16:52:25 [main] INFO  c.s.l.LufthansaTestBackendApplicationTests         - Started LufthansaTestBackendApplicationTests in 4.999 seconds (JVM running for 6.504) 
2022-Feb-02 16:52:25 [SpringApplicationShutdownHook] INFO  o.s.o.j.LocalContainerEntityManagerFactoryBean     - Closing JPA EntityManagerFactory for persistence unit 'default' 
2022-Feb-02 16:52:25 [SpringApplicationShutdownHook] INFO  c.z.h.HikariDataSource                             - HikariPool-1 - Shutdown initiated... 
2022-Feb-02 16:52:25 [SpringApplicationShutdownHook] INFO  c.z.h.HikariDataSource                             - HikariPool-1 - Shutdown completed. 
